{"/mnt/c/Users/larro/Desktop/FIS/ejEjemplo/src/fibonacci.js": {"path":"/mnt/c/Users/larro/Desktop/FIS/ejEjemplo/src/fibonacci.js","statementMap":{"0":{"start":{"line":5,"column":4},"end":{"line":7,"column":5}},"1":{"start":{"line":6,"column":6},"end":{"line":6,"column":65}},"2":{"start":{"line":8,"column":4},"end":{"line":10,"column":5}},"3":{"start":{"line":9,"column":6},"end":{"line":9,"column":15}},"4":{"start":{"line":11,"column":20},"end":{"line":11,"column":36}},"5":{"start":{"line":12,"column":4},"end":{"line":12,"column":19}},"6":{"start":{"line":13,"column":4},"end":{"line":13,"column":19}},"7":{"start":{"line":14,"column":4},"end":{"line":16,"column":5}},"8":{"start":{"line":14,"column":17},"end":{"line":14,"column":18}},"9":{"start":{"line":15,"column":6},"end":{"line":15,"column":51}},"10":{"start":{"line":17,"column":4},"end":{"line":17,"column":22}},"11":{"start":{"line":21,"column":4},"end":{"line":23,"column":5}},"12":{"start":{"line":22,"column":6},"end":{"line":22,"column":65}},"13":{"start":{"line":24,"column":4},"end":{"line":26,"column":5}},"14":{"start":{"line":25,"column":6},"end":{"line":25,"column":17}},"15":{"start":{"line":27,"column":20},"end":{"line":27,"column":36}},"16":{"start":{"line":28,"column":4},"end":{"line":28,"column":19}},"17":{"start":{"line":29,"column":4},"end":{"line":29,"column":19}},"18":{"start":{"line":30,"column":4},"end":{"line":32,"column":5}},"19":{"start":{"line":30,"column":17},"end":{"line":30,"column":18}},"20":{"start":{"line":31,"column":6},"end":{"line":31,"column":51}},"21":{"start":{"line":33,"column":4},"end":{"line":33,"column":19}},"22":{"start":{"line":37,"column":4},"end":{"line":39,"column":5}},"23":{"start":{"line":38,"column":6},"end":{"line":38,"column":65}},"24":{"start":{"line":40,"column":4},"end":{"line":42,"column":5}},"25":{"start":{"line":41,"column":6},"end":{"line":41,"column":15}},"26":{"start":{"line":43,"column":20},"end":{"line":43,"column":36}},"27":{"start":{"line":44,"column":15},"end":{"line":44,"column":16}},"28":{"start":{"line":45,"column":4},"end":{"line":45,"column":19}},"29":{"start":{"line":46,"column":4},"end":{"line":46,"column":19}},"30":{"start":{"line":47,"column":4},"end":{"line":50,"column":5}},"31":{"start":{"line":47,"column":17},"end":{"line":47,"column":18}},"32":{"start":{"line":48,"column":6},"end":{"line":48,"column":51}},"33":{"start":{"line":49,"column":6},"end":{"line":49,"column":25}},"34":{"start":{"line":51,"column":4},"end":{"line":51,"column":16}},"35":{"start":{"line":55,"column":4},"end":{"line":57,"column":5}},"36":{"start":{"line":56,"column":6},"end":{"line":56,"column":65}},"37":{"start":{"line":58,"column":20},"end":{"line":58,"column":36}},"38":{"start":{"line":59,"column":19},"end":{"line":59,"column":20}},"39":{"start":{"line":60,"column":4},"end":{"line":60,"column":19}},"40":{"start":{"line":61,"column":4},"end":{"line":61,"column":19}},"41":{"start":{"line":62,"column":4},"end":{"line":65,"column":5}},"42":{"start":{"line":62,"column":17},"end":{"line":62,"column":18}},"43":{"start":{"line":63,"column":6},"end":{"line":63,"column":51}},"44":{"start":{"line":64,"column":6},"end":{"line":64,"column":29}},"45":{"start":{"line":66,"column":4},"end":{"line":66,"column":20}},"46":{"start":{"line":70,"column":4},"end":{"line":72,"column":5}},"47":{"start":{"line":71,"column":6},"end":{"line":71,"column":65}},"48":{"start":{"line":73,"column":4},"end":{"line":75,"column":5}},"49":{"start":{"line":74,"column":6},"end":{"line":74,"column":18}},"50":{"start":{"line":76,"column":20},"end":{"line":76,"column":36}},"51":{"start":{"line":77,"column":4},"end":{"line":77,"column":19}},"52":{"start":{"line":78,"column":4},"end":{"line":78,"column":19}},"53":{"start":{"line":79,"column":4},"end":{"line":84,"column":5}},"54":{"start":{"line":79,"column":17},"end":{"line":79,"column":18}},"55":{"start":{"line":80,"column":6},"end":{"line":80,"column":51}},"56":{"start":{"line":81,"column":6},"end":{"line":83,"column":7}},"57":{"start":{"line":82,"column":8},"end":{"line":82,"column":20}},"58":{"start":{"line":85,"column":4},"end":{"line":85,"column":17}}},"fnMap":{"0":{"name":"(anonymous_0)","decl":{"start":{"line":2,"column":2},"end":{"line":2,"column":3}},"loc":{"start":{"line":2,"column":16},"end":{"line":2,"column":18}},"line":2},"1":{"name":"(anonymous_1)","decl":{"start":{"line":4,"column":2},"end":{"line":4,"column":3}},"loc":{"start":{"line":4,"column":15},"end":{"line":18,"column":3}},"line":4},"2":{"name":"(anonymous_2)","decl":{"start":{"line":20,"column":2},"end":{"line":20,"column":3}},"loc":{"start":{"line":20,"column":16},"end":{"line":34,"column":3}},"line":20},"3":{"name":"(anonymous_3)","decl":{"start":{"line":36,"column":2},"end":{"line":36,"column":3}},"loc":{"start":{"line":36,"column":13},"end":{"line":52,"column":3}},"line":36},"4":{"name":"(anonymous_4)","decl":{"start":{"line":54,"column":2},"end":{"line":54,"column":3}},"loc":{"start":{"line":54,"column":17},"end":{"line":67,"column":3}},"line":54},"5":{"name":"(anonymous_5)","decl":{"start":{"line":69,"column":2},"end":{"line":69,"column":3}},"loc":{"start":{"line":69,"column":19},"end":{"line":86,"column":3}},"line":69}},"branchMap":{"0":{"loc":{"start":{"line":5,"column":4},"end":{"line":7,"column":5}},"type":"if","locations":[{"start":{"line":5,"column":4},"end":{"line":7,"column":5}},{"start":{},"end":{}}],"line":5},"1":{"loc":{"start":{"line":8,"column":4},"end":{"line":10,"column":5}},"type":"if","locations":[{"start":{"line":8,"column":4},"end":{"line":10,"column":5}},{"start":{},"end":{}}],"line":8},"2":{"loc":{"start":{"line":21,"column":4},"end":{"line":23,"column":5}},"type":"if","locations":[{"start":{"line":21,"column":4},"end":{"line":23,"column":5}},{"start":{},"end":{}}],"line":21},"3":{"loc":{"start":{"line":24,"column":4},"end":{"line":26,"column":5}},"type":"if","locations":[{"start":{"line":24,"column":4},"end":{"line":26,"column":5}},{"start":{},"end":{}}],"line":24},"4":{"loc":{"start":{"line":37,"column":4},"end":{"line":39,"column":5}},"type":"if","locations":[{"start":{"line":37,"column":4},"end":{"line":39,"column":5}},{"start":{},"end":{}}],"line":37},"5":{"loc":{"start":{"line":40,"column":4},"end":{"line":42,"column":5}},"type":"if","locations":[{"start":{"line":40,"column":4},"end":{"line":42,"column":5}},{"start":{},"end":{}}],"line":40},"6":{"loc":{"start":{"line":55,"column":4},"end":{"line":57,"column":5}},"type":"if","locations":[{"start":{"line":55,"column":4},"end":{"line":57,"column":5}},{"start":{},"end":{}}],"line":55},"7":{"loc":{"start":{"line":70,"column":4},"end":{"line":72,"column":5}},"type":"if","locations":[{"start":{"line":70,"column":4},"end":{"line":72,"column":5}},{"start":{},"end":{}}],"line":70},"8":{"loc":{"start":{"line":73,"column":4},"end":{"line":75,"column":5}},"type":"if","locations":[{"start":{"line":73,"column":4},"end":{"line":75,"column":5}},{"start":{},"end":{}}],"line":73},"9":{"loc":{"start":{"line":73,"column":8},"end":{"line":73,"column":26}},"type":"binary-expr","locations":[{"start":{"line":73,"column":8},"end":{"line":73,"column":15}},{"start":{"line":73,"column":19},"end":{"line":73,"column":26}}],"line":73},"10":{"loc":{"start":{"line":81,"column":6},"end":{"line":83,"column":7}},"type":"if","locations":[{"start":{"line":81,"column":6},"end":{"line":83,"column":7}},{"start":{},"end":{}}],"line":81}},"s":{"0":2,"1":1,"2":1,"3":1,"4":0,"5":0,"6":0,"7":0,"8":0,"9":0,"10":0,"11":3,"12":1,"13":2,"14":1,"15":1,"16":1,"17":1,"18":1,"19":1,"20":10,"21":1,"22":3,"23":1,"24":2,"25":1,"26":1,"27":1,"28":1,"29":1,"30":1,"31":1,"32":10,"33":10,"34":1,"35":3,"36":1,"37":2,"38":2,"39":2,"40":2,"41":2,"42":2,"43":11,"44":11,"45":2,"46":3,"47":1,"48":2,"49":0,"50":2,"51":2,"52":2,"53":2,"54":2,"55":10,"56":10,"57":1,"58":1},"f":{"0":1,"1":2,"2":3,"3":3,"4":3,"5":3},"b":{"0":[1,1],"1":[1,0],"2":[1,2],"3":[1,1],"4":[1,2],"5":[1,1],"6":[1,2],"7":[1,2],"8":[0,2],"9":[2,2],"10":[1,9]},"_coverageSchema":"1a1c01bbd47fc00a2c39e90264f33305004495a9","hash":"ff459614fce9b4521f6658f20ca34e2bf817ba4e"}
}
