TN:
SF:src/fibonacci.js
FN:2,(anonymous_0)
FN:4,(anonymous_1)
FN:20,(anonymous_2)
FN:36,(anonymous_3)
FN:54,(anonymous_4)
FN:69,(anonymous_5)
FNF:6
FNH:6
FNDA:1,(anonymous_0)
FNDA:2,(anonymous_1)
FNDA:3,(anonymous_2)
FNDA:3,(anonymous_3)
FNDA:3,(anonymous_4)
FNDA:3,(anonymous_5)
DA:5,2
DA:6,1
DA:8,1
DA:9,1
DA:11,0
DA:12,0
DA:13,0
DA:14,0
DA:15,0
DA:17,0
DA:21,3
DA:22,1
DA:24,2
DA:25,1
DA:27,1
DA:28,1
DA:29,1
DA:30,1
DA:31,10
DA:33,1
DA:37,3
DA:38,1
DA:40,2
DA:41,1
DA:43,1
DA:44,1
DA:45,1
DA:46,1
DA:47,1
DA:48,10
DA:49,10
DA:51,1
DA:55,3
DA:56,1
DA:58,2
DA:59,2
DA:60,2
DA:61,2
DA:62,2
DA:63,11
DA:64,11
DA:66,2
DA:70,3
DA:71,1
DA:73,2
DA:74,0
DA:76,2
DA:77,2
DA:78,2
DA:79,2
DA:80,10
DA:81,10
DA:82,1
DA:85,1
LF:54
LH:47
BRDA:5,0,0,1
BRDA:5,0,1,1
BRDA:8,1,0,1
BRDA:8,1,1,0
BRDA:21,2,0,1
BRDA:21,2,1,2
BRDA:24,3,0,1
BRDA:24,3,1,1
BRDA:37,4,0,1
BRDA:37,4,1,2
BRDA:40,5,0,1
BRDA:40,5,1,1
BRDA:55,6,0,1
BRDA:55,6,1,2
BRDA:70,7,0,1
BRDA:70,7,1,2
BRDA:73,8,0,0
BRDA:73,8,1,2
BRDA:73,9,0,2
BRDA:73,9,1,2
BRDA:81,10,0,1
BRDA:81,10,1,9
BRF:22
BRH:20
end_of_record
